This file contains any messages produced by compilers while
running configure, to aid debugging if configure makes a mistake.

It was created by ihu configure 0.6.0, which was
generated by GNU Autoconf 2.60.  Invocation command line was

  $ ./configure 

## --------- ##
## Platform. ##
## --------- ##

hostname = tropicalia
uname -m = x86_64
uname -r = 3.19.0-16-generic
uname -s = Linux
uname -v = #16-Ubuntu SMP Thu Apr 30 16:09:58 UTC 2015

/usr/bin/uname -p = unknown
/bin/uname -X     = unknown

/bin/arch              = unknown
/usr/bin/arch -k       = unknown
/usr/convex/getsysinfo = unknown
/usr/bin/hostinfo      = unknown
/bin/machine           = unknown
/usr/bin/oslevel       = unknown
/bin/universe          = unknown

PATH: /usr/local/sbin
PATH: /usr/local/bin
PATH: /usr/sbin
PATH: /usr/bin
PATH: /sbin
PATH: /bin
PATH: /usr/games
PATH: /usr/local/games


## ----------- ##
## Core tests. ##
## ----------- ##

configure:1792: checking for a BSD-compatible install
configure:1848: result: /usr/bin/install -c
configure:1859: checking whether build environment is sane
configure:1902: result: yes
configure:1967: checking for gawk
configure:1997: result: no
configure:1967: checking for mawk
configure:1983: found /usr/bin/mawk
configure:1994: result: mawk
configure:2005: checking whether make sets $(MAKE)
configure:2026: result: yes
configure:2277: checking for g++
configure:2293: found /usr/bin/g++
configure:2304: result: g++
configure:2335: checking for C++ compiler version
configure:2342: g++ --version >&5
g++ (Ubuntu 4.9.2-10ubuntu13) 4.9.2
Copyright (C) 2014 Free Software Foundation, Inc.
This is free software; see the source for copying conditions.  There is NO
warranty; not even for MERCHANTABILITY or FITNESS FOR A PARTICULAR PURPOSE.

configure:2345: $? = 0
configure:2352: g++ -v >&5
Using built-in specs.
COLLECT_GCC=g++
COLLECT_LTO_WRAPPER=/usr/lib/gcc/x86_64-linux-gnu/4.9/lto-wrapper
Target: x86_64-linux-gnu
Configured with: ../src/configure -v --with-pkgversion='Ubuntu 4.9.2-10ubuntu13' --with-bugurl=file:///usr/share/doc/gcc-4.9/README.Bugs --enable-languages=c,c++,java,go,d,fortran,objc,obj-c++ --prefix=/usr --program-suffix=-4.9 --enable-shared --enable-linker-build-id --libexecdir=/usr/lib --without-included-gettext --enable-threads=posix --with-gxx-include-dir=/usr/include/c++/4.9 --libdir=/usr/lib --enable-nls --with-sysroot=/ --enable-clocale=gnu --enable-libstdcxx-debug --enable-libstdcxx-time=yes --enable-gnu-unique-object --disable-vtable-verify --enable-plugin --with-system-zlib --disable-browser-plugin --enable-java-awt=gtk --enable-gtk-cairo --with-java-home=/usr/lib/jvm/java-1.5.0-gcj-4.9-amd64/jre --enable-java-home --with-jvm-root-dir=/usr/lib/jvm/java-1.5.0-gcj-4.9-amd64 --with-jvm-jar-dir=/usr/lib/jvm-exports/java-1.5.0-gcj-4.9-amd64 --with-arch-directory=amd64 --with-ecj-jar=/usr/share/java/eclipse-ecj.jar --enable-objc-gc --enable-multiarch --disable-werror --with-arch-32=i686 --with-abi=m64 --with-multilib-list=m32,m64,mx32 --enable-multilib --with-tune=generic --enable-checking=release --build=x86_64-linux-gnu --host=x86_64-linux-gnu --target=x86_64-linux-gnu
Thread model: posix
gcc version 4.9.2 (Ubuntu 4.9.2-10ubuntu13) 
configure:2355: $? = 0
configure:2362: g++ -V >&5
g++: error: unrecognized command line option '-V'
g++: fatal error: no input files
compilation terminated.
configure:2365: $? = 4
configure:2388: checking for C++ compiler default output file name
configure:2415: g++    conftest.cpp  >&5
configure:2418: $? = 0
configure:2464: result: a.out
configure:2469: checking whether the C++ compiler works
configure:2479: ./a.out
configure:2482: $? = 0
configure:2499: result: yes
configure:2506: checking whether we are cross compiling
configure:2508: result: no
configure:2511: checking for suffix of executables
configure:2518: g++ -o conftest    conftest.cpp  >&5
configure:2521: $? = 0
configure:2545: result: 
configure:2551: checking for suffix of object files
configure:2577: g++ -c   conftest.cpp >&5
configure:2580: $? = 0
configure:2603: result: o
configure:2607: checking whether we are using the GNU C++ compiler
configure:2636: g++ -c   conftest.cpp >&5
configure:2642: $? = 0
configure:2649: test -z "$ac_cxx_werror_flag" || test ! -s conftest.err
configure:2652: $? = 0
configure:2659: test -s conftest.o
configure:2662: $? = 0
configure:2676: result: yes
configure:2681: checking whether g++ accepts -g
configure:2711: g++ -c -g  conftest.cpp >&5
configure:2717: $? = 0
configure:2724: test -z "$ac_cxx_werror_flag" || test ! -s conftest.err
configure:2727: $? = 0
configure:2734: test -s conftest.o
configure:2737: $? = 0
configure:2867: result: yes
configure:2901: checking for style of include used by make
configure:2929: result: GNU
configure:2957: checking dependency style of g++
configure:3047: result: gcc3
configure:3077: checking for a BSD-compatible install
configure:3133: result: /usr/bin/install -c
configure:3151: checking how to run the C++ preprocessor
configure:3187: g++ -E  conftest.cpp
configure:3193: $? = 0
configure:3231: g++ -E  conftest.cpp
conftest.cpp:10:28: fatal error: ac_nonexistent.h: No such file or directory
 #include <ac_nonexistent.h>
                            ^
compilation terminated.
configure:3237: $? = 1
configure: failed program was:
| /* confdefs.h.  */
| #define PACKAGE_NAME "ihu"
| #define PACKAGE_TARNAME "ihu"
| #define PACKAGE_VERSION "0.6.0"
| #define PACKAGE_STRING "ihu 0.6.0"
| #define PACKAGE_BUGREPORT "mtrotta@users.sourceforge.net"
| #define PACKAGE "ihu"
| #define VERSION "0.6.0"
| /* end confdefs.h.  */
| #include <ac_nonexistent.h>
configure:3277: result: g++ -E
configure:3306: g++ -E  conftest.cpp
configure:3312: $? = 0
configure:3350: g++ -E  conftest.cpp
conftest.cpp:10:28: fatal error: ac_nonexistent.h: No such file or directory
 #include <ac_nonexistent.h>
                            ^
compilation terminated.
configure:3356: $? = 1
configure: failed program was:
| /* confdefs.h.  */
| #define PACKAGE_NAME "ihu"
| #define PACKAGE_TARNAME "ihu"
| #define PACKAGE_VERSION "0.6.0"
| #define PACKAGE_STRING "ihu 0.6.0"
| #define PACKAGE_BUGREPORT "mtrotta@users.sourceforge.net"
| #define PACKAGE "ihu"
| #define VERSION "0.6.0"
| /* end confdefs.h.  */
| #include <ac_nonexistent.h>
configure:3401: checking for X
configure:3516: g++ -E  conftest.cpp
configure:3522: $? = 0
configure:3578: g++ -o conftest -g -O2   conftest.cpp -lXt  >&5
/usr/bin/ld: cannot find -lXt
collect2: error: ld returned 1 exit status
configure:3584: $? = 1
configure: failed program was:
| /* confdefs.h.  */
| #define PACKAGE_NAME "ihu"
| #define PACKAGE_TARNAME "ihu"
| #define PACKAGE_VERSION "0.6.0"
| #define PACKAGE_STRING "ihu 0.6.0"
| #define PACKAGE_BUGREPORT "mtrotta@users.sourceforge.net"
| #define PACKAGE "ihu"
| #define VERSION "0.6.0"
| /* end confdefs.h.  */
| #include <X11/Xlib.h>
| int
| main ()
| {
| XrmInitialize ()
|   ;
|   return 0;
| }
configure:3648: result: no
configure:4995: checking for Qt
configure:5202: g++ -o conftest -INO   conftest.cpp -lqt   -lX11 -lXext -lXmu -lXt -lXi  >&5
conftest.cpp:11:26: fatal error: qapplication.h: No such file or directory
 #include <qapplication.h>
                          ^
compilation terminated.
configure:5208: $? = 1
configure: failed program was:
| /* confdefs.h.  */
| #define PACKAGE_NAME "ihu"
| #define PACKAGE_TARNAME "ihu"
| #define PACKAGE_VERSION "0.6.0"
| #define PACKAGE_STRING "ihu 0.6.0"
| #define PACKAGE_BUGREPORT "mtrotta@users.sourceforge.net"
| #define PACKAGE "ihu"
| #define VERSION "0.6.0"
| #define X_DISPLAY_MISSING 1
| /* end confdefs.h.  */
| #include <qapplication.h>
| int
| main ()
| {
| 
|         int argc;
|         char ** argv;
|         QApplication app(argc,argv);
|       
|   ;
|   return 0;
| }
Non-critical error, please neglect the above.
configure:5265: g++ -o conftest -INO   conftest.cpp -lqt-mt   -lX11 -lXext -lXmu -lXt -lXi  >&5
conftest.cpp:11:26: fatal error: qapplication.h: No such file or directory
 #include <qapplication.h>
                          ^
compilation terminated.
configure:5271: $? = 1
configure: failed program was:
| /* confdefs.h.  */
| #define PACKAGE_NAME "ihu"
| #define PACKAGE_TARNAME "ihu"
| #define PACKAGE_VERSION "0.6.0"
| #define PACKAGE_STRING "ihu 0.6.0"
| #define PACKAGE_BUGREPORT "mtrotta@users.sourceforge.net"
| #define PACKAGE "ihu"
| #define VERSION "0.6.0"
| #define X_DISPLAY_MISSING 1
| /* end confdefs.h.  */
| #include <qapplication.h>
| int
| main ()
| {
| 
|         int argc;
|         char ** argv;
|         QApplication app(argc,argv);
|       
|   ;
|   return 0;
| }
Non-critical error, please neglect the above.
configure:5328: g++ -o conftest -INO   conftest.cpp -lqt-gl   -lX11 -lXext -lXmu -lXt -lXi  >&5
conftest.cpp:11:26: fatal error: qapplication.h: No such file or directory
 #include <qapplication.h>
                          ^
compilation terminated.
configure:5334: $? = 1
configure: failed program was:
| /* confdefs.h.  */
| #define PACKAGE_NAME "ihu"
| #define PACKAGE_TARNAME "ihu"
| #define PACKAGE_VERSION "0.6.0"
| #define PACKAGE_STRING "ihu 0.6.0"
| #define PACKAGE_BUGREPORT "mtrotta@users.sourceforge.net"
| #define PACKAGE "ihu"
| #define VERSION "0.6.0"
| #define X_DISPLAY_MISSING 1
| /* end confdefs.h.  */
| #include <qapplication.h>
| int
| main ()
| {
| 
|         int argc;
|         char ** argv;
|         QApplication app(argc,argv);
|       
|   ;
|   return 0;
| }
Non-critical error, please neglect the above.
configure:5411: g++ -o conftest -INO   conftest.cpp -lqt-gl   -lX11 -lXext -lXmu -lXt -lXi  >&5
conftest.cpp:11:26: fatal error: qapplication.h: No such file or directory
 #include <qapplication.h>
                          ^
compilation terminated.
configure:5417: $? = 1
configure: failed program was:
| /* confdefs.h.  */
| #define PACKAGE_NAME "ihu"
| #define PACKAGE_TARNAME "ihu"
| #define PACKAGE_VERSION "0.6.0"
| #define PACKAGE_STRING "ihu 0.6.0"
| #define PACKAGE_BUGREPORT "mtrotta@users.sourceforge.net"
| #define PACKAGE "ihu"
| #define VERSION "0.6.0"
| #define X_DISPLAY_MISSING 1
| /* end confdefs.h.  */
| #include <qapplication.h>
| int
| main ()
| {
| 
|         int argc;
|         char ** argv;
|         QApplication app(argc,argv);
|       
|   ;
|   return 0;
| }
configure:5550: result: no
configure:5672: error: QT LIBRARIES NOT FOUND. They might be in a non-standard path (then use --with-Qt-dir option), or they need to be installed.

## ---------------- ##
## Cache variables. ##
## ---------------- ##

ac_cv_cxx_compiler_gnu=yes
ac_cv_env_CCC_set=
ac_cv_env_CCC_value=
ac_cv_env_CPPFLAGS_set=
ac_cv_env_CPPFLAGS_value=
ac_cv_env_CXXCPP_set=
ac_cv_env_CXXCPP_value=
ac_cv_env_CXXFLAGS_set=
ac_cv_env_CXXFLAGS_value=
ac_cv_env_CXX_set=
ac_cv_env_CXX_value=
ac_cv_env_LDFLAGS_set=
ac_cv_env_LDFLAGS_value=
ac_cv_env_XMKMF_set=
ac_cv_env_XMKMF_value=
ac_cv_env_build_alias_set=
ac_cv_env_build_alias_value=
ac_cv_env_host_alias_set=
ac_cv_env_host_alias_value=
ac_cv_env_target_alias_set=
ac_cv_env_target_alias_value=
ac_cv_have_x=have_x=no
ac_cv_objext=o
ac_cv_path_install='/usr/bin/install -c'
ac_cv_prog_AWK=mawk
ac_cv_prog_CXXCPP='g++ -E'
ac_cv_prog_ac_ct_CXX=g++
ac_cv_prog_cxx_g=yes
ac_cv_prog_make_make_set=yes
am_cv_CXX_dependencies_compiler_type=gcc3
bnv_cv_have_qt=have_qt=no

## ----------------- ##
## Output variables. ##
## ----------------- ##

ACLOCAL='${SHELL} /home/tz/src/ihu-0.6.0/missing --run aclocal-1.9'
AMDEPBACKSLASH='\'
AMDEP_FALSE='#'
AMDEP_TRUE=''
AMTAR='${SHELL} /home/tz/src/ihu-0.6.0/missing --run tar'
AUTOCONF='${SHELL} /home/tz/src/ihu-0.6.0/missing --run autoconf'
AUTOHEADER='${SHELL} /home/tz/src/ihu-0.6.0/missing --run autoheader'
AUTOMAKE='${SHELL} /home/tz/src/ihu-0.6.0/missing --run automake-1.9'
AWK='mawk'
CPPFLAGS=''
CXX='g++'
CXXCPP='g++ -E'
CXXDEPMODE='depmode=gcc3'
CXXFLAGS='-g -O2'
CYGPATH_W='echo'
DEFS=''
DEPDIR='.deps'
ECHO_C=''
ECHO_N='-n'
ECHO_T=''
EGREP=''
EXEEXT=''
GREP=''
INSTALL_DATA='${INSTALL} -m 644'
INSTALL_PROGRAM='${INSTALL}'
INSTALL_SCRIPT='${INSTALL}'
INSTALL_STRIP_PROGRAM='${SHELL} $(install_sh) -c -s'
LDFLAGS=''
LIBOBJS=''
LIBS=''
LTLIBOBJS=''
MAKEINFO='${SHELL} /home/tz/src/ihu-0.6.0/missing --run makeinfo'
OBJEXT='o'
OGG_CFLAGS=''
OGG_LIBS=''
PACKAGE='ihu'
PACKAGE_BUGREPORT='mtrotta@users.sourceforge.net'
PACKAGE_NAME='ihu'
PACKAGE_STRING='ihu 0.6.0'
PACKAGE_TARNAME='ihu'
PACKAGE_VERSION='0.6.0'
PATH_SEPARATOR=':'
QT_CXXFLAGS=''
QT_DIR=''
QT_LIBS=''
QT_MOC=''
QT_UIC=''
SET_MAKE=''
SHELL='/bin/bash'
STRIP=''
VERSION='0.6.0'
XMKMF=''
X_CFLAGS=''
X_EXTRA_LIBS=''
X_LIBS=''
X_PRE_LIBS=''
ac_ct_CXX='g++'
am__fastdepCXX_FALSE='#'
am__fastdepCXX_TRUE=''
am__include='include'
am__leading_dot='.'
am__quote=''
am__tar='${AMTAR} chof - "$$tardir"'
am__untar='${AMTAR} xf -'
bindir='${exec_prefix}/bin'
build_alias=''
datadir='${datarootdir}'
datarootdir='${prefix}/share'
docdir='${datarootdir}/doc/${PACKAGE_TARNAME}'
dvidir='${docdir}'
exec_prefix='NONE'
host_alias=''
htmldir='${docdir}'
includedir='${prefix}/include'
infodir='${datarootdir}/info'
install_sh='/home/tz/src/ihu-0.6.0/install-sh'
libdir='${exec_prefix}/lib'
libexecdir='${exec_prefix}/libexec'
localedir='${datarootdir}/locale'
localstatedir='${prefix}/var'
mandir='${datarootdir}/man'
mkdir_p='mkdir -p --'
oldincludedir='/usr/include'
pdfdir='${docdir}'
prefix='NONE'
program_transform_name='s,x,x,'
psdir='${docdir}'
sbindir='${exec_prefix}/sbin'
sharedstatedir='${prefix}/com'
sysconfdir='${prefix}/etc'
target_alias=''

## ----------- ##
## confdefs.h. ##
## ----------- ##

#define PACKAGE_NAME "ihu"
#define PACKAGE_TARNAME "ihu"
#define PACKAGE_VERSION "0.6.0"
#define PACKAGE_STRING "ihu 0.6.0"
#define PACKAGE_BUGREPORT "mtrotta@users.sourceforge.net"
#define PACKAGE "ihu"
#define VERSION "0.6.0"
#define X_DISPLAY_MISSING 1

configure: exit 1
